2016-04-28 16:07:24,734 INFO  [Log] **************************************************************************************** 
2016-04-28 16:07:24,735 INFO  [Log] **************************************************************************************** 
2016-04-28 16:07:24,735 INFO  [Log] xxxxxxxxxxxxxxxxxxxxxxx           TC003      xxxxxxxxxxxxxxxxxxxxxxxxxxxxxx 
2016-04-28 16:07:24,735 INFO  [Log] **************************************************************************************** 
2016-04-28 16:07:24,735 INFO  [Log] **************************************************************************************** 
2016-04-28 16:07:24,738 INFO  [Log] Opening Browser 
2016-04-28 16:07:39,981 ERROR [Log] Class ExcelUtils | Method setCellData | Exception desc : C:\Users\ttc.mk\workspace\KDFramework\src\dataEngine\DataEngine.xlsx (The process cannot access the file because it is being used by another process) 
2016-04-28 16:07:39,985 ERROR [Log] Class ExcelUtils | Method setCellData | Exception desc : C:\Users\ttc.mk\workspace\KDFramework\src\dataEngine\DataEngine.xlsx (The process cannot access the file because it is being used by another process) 
2016-04-28 16:07:39,986 INFO  [Log] xxxxxxxxxxxxxxxxxxxxx             -E---N---D-             xxxxxxxxxxxxxxxxxxxxxxxx 
2016-04-28 16:07:39,986 INFO  [Log] **************************************************************************************** 
2016-04-28 16:07:39,986 INFO  [Log] X 
2016-04-28 16:07:39,986 INFO  [Log] X 
2016-04-28 16:07:39,986 INFO  [Log] X 
2016-04-28 16:07:39,986 INFO  [Log] X 
2016-04-28 16:09:20,795 ERROR [Log] Class ExcelUtils | Method getCellData | Exception desc : null 
2016-04-28 16:09:20,795 INFO  [Log] **************************************************************************************** 
2016-04-28 16:09:20,795 INFO  [Log] **************************************************************************************** 
2016-04-28 16:09:20,795 INFO  [Log] xxxxxxxxxxxxxxxxxxxxxxx           TC003      xxxxxxxxxxxxxxxxxxxxxxxxxxxxxx 
2016-04-28 16:09:20,795 INFO  [Log] **************************************************************************************** 
2016-04-28 16:09:20,795 INFO  [Log] **************************************************************************************** 
2016-04-28 16:09:20,798 INFO  [Log] Opening Browser 
2016-04-28 16:09:36,073 INFO  [Log] Navigating to URL 
2016-04-28 16:09:46,395 INFO  [Log] Clicking on Webelement btn_MyAccount 
2016-04-28 16:09:52,215 INFO  [Log] Entering the text in: txtbx_UserName 
2016-04-28 16:09:52,854 INFO  [Log] Entering the text in: txtbx_Password 
2016-04-28 16:09:53,509 INFO  [Log] Clicking on Webelement btn_Login 
2016-04-28 16:09:56,188 INFO  [Log] Wait for 5 seconds 
2016-04-28 16:10:01,238 INFO  [Log] MouseHover element: lnk_ProductCategory and clicking on: lnk_iPhones 
2016-04-28 16:10:06,781 INFO  [Log] Store Text in a variable for: lbl_CurrentPrice 
2016-04-28 16:10:07,218 INFO  [Log] Clicking on Webelement btn_AddToCart 
2016-04-28 16:10:09,902 INFO  [Log] Clicking on Webelement btn_GoToCheckOut 
2016-04-28 16:10:16,426 INFO  [Log] Verifying Text for item: txtbx_Qty 
2016-04-28 16:10:16,757 INFO  [Log] Verifying Text for item: lbl_SubTotal 
2016-04-28 16:10:17,642 INFO  [Log] xxxxxxxxxxxxxxxxxxxxx             -E---N---D-             xxxxxxxxxxxxxxxxxxxxxxxx 
2016-04-28 16:10:17,642 INFO  [Log] **************************************************************************************** 
2016-04-28 16:10:17,642 INFO  [Log] X 
2016-04-28 16:10:17,642 INFO  [Log] X 
2016-04-28 16:10:17,642 INFO  [Log] X 
2016-04-28 16:10:17,642 INFO  [Log] X 
2016-04-28 16:31:18,444 ERROR [Log] Class ExcelUtils | Method getCellData | Exception desc : null 
2016-04-28 16:31:18,444 INFO  [Log] **************************************************************************************** 
2016-04-28 16:31:18,444 INFO  [Log] **************************************************************************************** 
2016-04-28 16:31:18,445 INFO  [Log] xxxxxxxxxxxxxxxxxxxxxxx           TC003      xxxxxxxxxxxxxxxxxxxxxxxxxxxxxx 
2016-04-28 16:31:18,445 INFO  [Log] **************************************************************************************** 
2016-04-28 16:31:18,445 INFO  [Log] **************************************************************************************** 
2016-04-28 16:31:18,448 INFO  [Log] Opening Browser 
2016-04-28 16:31:33,927 ERROR [Log] Class ExcelUtils | Method setCellData | Exception desc : C:\Users\ttc.mk\workspace\KDFramework\src\dataEngine\DataEngine.xlsx (The process cannot access the file because it is being used by another process) 
2016-04-28 16:31:33,929 ERROR [Log] Class ExcelUtils | Method setCellData | Exception desc : C:\Users\ttc.mk\workspace\KDFramework\src\dataEngine\DataEngine.xlsx (The process cannot access the file because it is being used by another process) 
2016-04-28 16:31:33,929 INFO  [Log] xxxxxxxxxxxxxxxxxxxxx             -E---N---D-             xxxxxxxxxxxxxxxxxxxxxxxx 
2016-04-28 16:31:33,929 INFO  [Log] **************************************************************************************** 
2016-04-28 16:31:33,929 INFO  [Log] X 
2016-04-28 16:31:33,929 INFO  [Log] X 
2016-04-28 16:31:33,929 INFO  [Log] X 
2016-04-28 16:31:33,929 INFO  [Log] X 
2016-04-28 16:32:11,800 ERROR [Log] Class ExcelUtils | Method getCellData | Exception desc : null 
2016-04-28 16:32:11,801 INFO  [Log] **************************************************************************************** 
2016-04-28 16:32:11,801 INFO  [Log] **************************************************************************************** 
2016-04-28 16:32:11,801 INFO  [Log] xxxxxxxxxxxxxxxxxxxxxxx           TC003      xxxxxxxxxxxxxxxxxxxxxxxxxxxxxx 
2016-04-28 16:32:11,801 INFO  [Log] **************************************************************************************** 
2016-04-28 16:32:11,801 INFO  [Log] **************************************************************************************** 
2016-04-28 16:32:11,804 INFO  [Log] Opening Browser 
2016-04-28 16:32:27,406 INFO  [Log] Navigating to URL 
2016-04-28 16:32:36,244 INFO  [Log] Clicking on Webelement btn_MyAccount 
2016-04-28 16:32:42,743 INFO  [Log] Entering the text in: txtbx_UserName 
2016-04-28 16:32:43,385 INFO  [Log] Entering the text in: txtbx_Password 
2016-04-28 16:32:44,005 INFO  [Log] Clicking on Webelement btn_Login 
2016-04-28 16:32:46,691 INFO  [Log] Wait for 5 seconds 
2016-04-28 16:32:51,762 INFO  [Log] MouseHover element: lnk_ProductCategory and clicking on: lnk_iPhones 
2016-04-28 16:32:57,503 INFO  [Log] Store Text in a variable for: lbl_CurrentPrice 
2016-04-28 16:32:57,977 INFO  [Log] Clicking on Webelement btn_AddToCart 
2016-04-28 16:33:00,646 INFO  [Log] Clicking on Webelement btn_GoToCheckOut 
2016-04-28 16:33:07,316 INFO  [Log] Verifying Text for item: txtbx_Qty 
2016-04-28 16:38:19,385 ERROR [Log] Class ExcelUtils | Method getCellData | Exception desc : null 
2016-04-28 16:38:19,386 INFO  [Log] **************************************************************************************** 
2016-04-28 16:38:19,386 INFO  [Log] **************************************************************************************** 
2016-04-28 16:38:19,386 INFO  [Log] xxxxxxxxxxxxxxxxxxxxxxx           TC003      xxxxxxxxxxxxxxxxxxxxxxxxxxxxxx 
2016-04-28 16:38:19,386 INFO  [Log] **************************************************************************************** 
2016-04-28 16:38:19,386 INFO  [Log] **************************************************************************************** 
2016-04-28 16:38:19,389 INFO  [Log] Opening Browser 
2016-04-28 16:38:36,846 INFO  [Log] Navigating to URL 
2016-04-28 16:38:47,121 INFO  [Log] Clicking on Webelement btn_MyAccount 
2016-04-28 16:38:53,740 INFO  [Log] Entering the text in: txtbx_UserName 
2016-04-28 16:38:54,613 INFO  [Log] Entering the text in: txtbx_Password 
2016-04-28 16:38:55,229 INFO  [Log] Clicking on Webelement btn_Login 
2016-04-28 16:38:57,854 INFO  [Log] Wait for 5 seconds 
2016-04-28 16:39:02,895 INFO  [Log] MouseHover element: lnk_ProductCategory and clicking on: lnk_iPhones 
2016-04-28 16:39:08,444 INFO  [Log] Store Text in a variable for: lbl_CurrentPrice 
2016-04-28 16:39:14,019 INFO  [Log] Clicking on Webelement btn_AddToCart 
2016-04-28 16:39:16,412 INFO  [Log] Clicking on Webelement btn_GoToCheckOut 
2016-04-28 16:39:22,610 INFO  [Log] Verifying Text for item: txtbx_Qty 
2016-04-28 16:39:56,105 ERROR [Log] Class ExcelUtils | Method getCellData | Exception desc : null 
2016-04-28 16:39:56,105 INFO  [Log] **************************************************************************************** 
2016-04-28 16:39:56,105 INFO  [Log] **************************************************************************************** 
2016-04-28 16:39:56,105 INFO  [Log] xxxxxxxxxxxxxxxxxxxxxxx           TC003      xxxxxxxxxxxxxxxxxxxxxxxxxxxxxx 
2016-04-28 16:39:56,106 INFO  [Log] **************************************************************************************** 
2016-04-28 16:39:56,106 INFO  [Log] **************************************************************************************** 
2016-04-28 16:39:56,109 INFO  [Log] Opening Browser 
2016-04-28 16:40:13,247 INFO  [Log] Navigating to URL 
2016-04-28 16:40:21,679 INFO  [Log] Clicking on Webelement btn_MyAccount 
2016-04-28 16:40:28,179 INFO  [Log] Entering the text in: txtbx_UserName 
2016-04-28 16:40:28,852 INFO  [Log] Entering the text in: txtbx_Password 
2016-04-28 16:40:29,493 INFO  [Log] Clicking on Webelement btn_Login 
2016-04-28 16:40:32,201 INFO  [Log] Wait for 5 seconds 
2016-04-28 16:40:37,252 INFO  [Log] MouseHover element: lnk_ProductCategory and clicking on: lnk_iPhones 
2016-04-28 16:40:43,353 INFO  [Log] Store Text in a variable for: lbl_CurrentPrice 
2016-04-28 16:40:43,856 INFO  [Log] Clicking on Webelement btn_AddToCart 
2016-04-28 16:40:46,582 INFO  [Log] Clicking on Webelement btn_GoToCheckOut 
2016-04-28 16:40:53,270 INFO  [Log] Verifying Text for item: txtbx_Qty 
2016-04-28 16:52:40,075 ERROR [Log] Class ExcelUtils | Method getCellData | Exception desc : null 
2016-04-28 16:52:40,075 INFO  [Log] **************************************************************************************** 
2016-04-28 16:52:40,076 INFO  [Log] **************************************************************************************** 
2016-04-28 16:52:40,076 INFO  [Log] xxxxxxxxxxxxxxxxxxxxxxx           TC003      xxxxxxxxxxxxxxxxxxxxxxxxxxxxxx 
2016-04-28 16:52:40,076 INFO  [Log] **************************************************************************************** 
2016-04-28 16:52:40,076 INFO  [Log] **************************************************************************************** 
2016-04-28 16:52:40,079 INFO  [Log] Opening Browser 
2016-04-28 16:52:55,147 INFO  [Log] Navigating to URL 
2016-04-28 16:53:07,738 INFO  [Log] Clicking on Webelement btn_MyAccount 
2016-04-28 16:53:13,343 INFO  [Log] Entering the text in: txtbx_UserName 
2016-04-28 16:53:13,856 INFO  [Log] Entering the text in: txtbx_Password 
2016-04-28 16:53:14,196 INFO  [Log] Clicking on Webelement btn_Login 
2016-04-28 16:53:16,474 INFO  [Log] Wait for 5 seconds 
2016-04-28 16:53:21,513 INFO  [Log] MouseHover element: lnk_ProductCategory and clicking on: lnk_iPhones 
2016-04-28 16:53:26,337 INFO  [Log] Store Text in a variable for: lbl_CurrentPrice 
2016-04-28 16:53:32,326 INFO  [Log] Clicking on Webelement btn_AddToCart 
2016-04-28 16:53:34,577 INFO  [Log] Clicking on Webelement btn_GoToCheckOut 
2016-04-28 16:53:40,505 INFO  [Log] Verifying Text for item: txtbx_Qty 
2016-04-28 16:54:02,188 INFO  [Log] Verifying Text for item: txtbx_Qty 
2016-04-28 16:55:09,197 ERROR [Log] Class ExcelUtils | Method getCellData | Exception desc : null 
2016-04-28 16:55:09,198 INFO  [Log] **************************************************************************************** 
2016-04-28 16:55:09,198 INFO  [Log] **************************************************************************************** 
2016-04-28 16:55:09,198 INFO  [Log] xxxxxxxxxxxxxxxxxxxxxxx           TC003      xxxxxxxxxxxxxxxxxxxxxxxxxxxxxx 
2016-04-28 16:55:09,198 INFO  [Log] **************************************************************************************** 
2016-04-28 16:55:09,198 INFO  [Log] **************************************************************************************** 
2016-04-28 16:55:09,200 INFO  [Log] Opening Browser 
2016-04-28 16:55:25,749 INFO  [Log] Navigating to URL 
2016-04-28 16:55:35,801 INFO  [Log] Clicking on Webelement btn_MyAccount 
2016-04-28 16:55:41,469 INFO  [Log] Entering the text in: txtbx_UserName 
2016-04-28 16:55:42,063 INFO  [Log] Entering the text in: txtbx_Password 
2016-04-28 16:55:42,742 INFO  [Log] Clicking on Webelement btn_Login 
2016-04-28 16:55:45,479 INFO  [Log] Wait for 5 seconds 
2016-04-28 16:55:50,507 INFO  [Log] MouseHover element: lnk_ProductCategory and clicking on: lnk_iPhones 
2016-04-28 16:55:56,544 INFO  [Log] Store Text in a variable for: lbl_CurrentPrice 
2016-04-28 16:55:56,946 INFO  [Log] Clicking on Webelement btn_AddToCart 
2016-04-28 16:55:59,638 INFO  [Log] Clicking on Webelement btn_GoToCheckOut 
2016-04-28 16:56:06,209 INFO  [Log] Verifying Text for item: txtbx_Qty 
2016-04-28 16:56:06,616 INFO  [Log] Closing the browser 
2016-04-28 16:56:08,667 INFO  [Log] xxxxxxxxxxxxxxxxxxxxx             -E---N---D-             xxxxxxxxxxxxxxxxxxxxxxxx 
2016-04-28 16:56:08,667 INFO  [Log] **************************************************************************************** 
2016-04-28 16:56:08,667 INFO  [Log] X 
2016-04-28 16:56:08,667 INFO  [Log] X 
2016-04-28 16:56:08,667 INFO  [Log] X 
2016-04-28 16:56:08,667 INFO  [Log] X 
2016-04-28 17:00:56,123 ERROR [Log] Class ExcelUtils | Method getCellData | Exception desc : null 
2016-04-28 17:00:56,123 INFO  [Log] **************************************************************************************** 
2016-04-28 17:00:56,123 INFO  [Log] **************************************************************************************** 
2016-04-28 17:00:56,123 INFO  [Log] xxxxxxxxxxxxxxxxxxxxxxx           TC003      xxxxxxxxxxxxxxxxxxxxxxxxxxxxxx 
2016-04-28 17:00:56,124 INFO  [Log] **************************************************************************************** 
2016-04-28 17:00:56,124 INFO  [Log] **************************************************************************************** 
2016-04-28 17:00:56,127 INFO  [Log] Opening Browser 
2016-04-28 17:01:16,262 ERROR [Log] Class ExcelUtils | Method setCellData | Exception desc : C:\Users\ttc.mk\workspace\KDFramework\src\dataEngine\DataEngine.xlsx (The process cannot access the file because it is being used by another process) 
2016-04-28 17:01:16,264 ERROR [Log] Class ExcelUtils | Method setCellData | Exception desc : C:\Users\ttc.mk\workspace\KDFramework\src\dataEngine\DataEngine.xlsx (The process cannot access the file because it is being used by another process) 
2016-04-28 17:01:16,264 INFO  [Log] xxxxxxxxxxxxxxxxxxxxx             -E---N---D-             xxxxxxxxxxxxxxxxxxxxxxxx 
2016-04-28 17:01:16,264 INFO  [Log] **************************************************************************************** 
2016-04-28 17:01:16,264 INFO  [Log] X 
2016-04-28 17:01:16,264 INFO  [Log] X 
2016-04-28 17:01:16,264 INFO  [Log] X 
2016-04-28 17:01:16,264 INFO  [Log] X 
2016-04-28 17:02:09,615 ERROR [Log] Class ExcelUtils | Method getCellData | Exception desc : null 
2016-04-28 17:02:09,616 INFO  [Log] **************************************************************************************** 
2016-04-28 17:02:09,616 INFO  [Log] **************************************************************************************** 
2016-04-28 17:02:09,616 INFO  [Log] xxxxxxxxxxxxxxxxxxxxxxx           TC003      xxxxxxxxxxxxxxxxxxxxxxxxxxxxxx 
2016-04-28 17:02:09,616 INFO  [Log] **************************************************************************************** 
2016-04-28 17:02:09,616 INFO  [Log] **************************************************************************************** 
2016-04-28 17:02:09,618 INFO  [Log] Opening Browser 
2016-04-28 17:02:25,192 ERROR [Log] Class ExcelUtils | Method setCellData | Exception desc : C:\Users\ttc.mk\workspace\KDFramework\src\dataEngine\DataEngine.xlsx (The process cannot access the file because it is being used by another process) 
2016-04-28 17:02:25,198 ERROR [Log] Class ExcelUtils | Method setCellData | Exception desc : C:\Users\ttc.mk\workspace\KDFramework\src\dataEngine\DataEngine.xlsx (The process cannot access the file because it is being used by another process) 
2016-04-28 17:02:25,198 INFO  [Log] xxxxxxxxxxxxxxxxxxxxx             -E---N---D-             xxxxxxxxxxxxxxxxxxxxxxxx 
2016-04-28 17:02:25,198 INFO  [Log] **************************************************************************************** 
2016-04-28 17:02:25,198 INFO  [Log] X 
2016-04-28 17:02:25,198 INFO  [Log] X 
2016-04-28 17:02:25,198 INFO  [Log] X 
2016-04-28 17:02:25,199 INFO  [Log] X 
2016-04-28 17:03:00,203 ERROR [Log] Class ExcelUtils | Method getCellData | Exception desc : null 
2016-04-28 17:03:00,204 INFO  [Log] **************************************************************************************** 
2016-04-28 17:03:00,204 INFO  [Log] **************************************************************************************** 
2016-04-28 17:03:00,204 INFO  [Log] xxxxxxxxxxxxxxxxxxxxxxx           TC003      xxxxxxxxxxxxxxxxxxxxxxxxxxxxxx 
2016-04-28 17:03:00,204 INFO  [Log] **************************************************************************************** 
2016-04-28 17:03:00,204 INFO  [Log] **************************************************************************************** 
2016-04-28 17:03:00,207 INFO  [Log] Opening Browser 
2016-04-28 17:03:15,607 INFO  [Log] Navigating to URL 
2016-04-28 17:03:24,483 INFO  [Log] Clicking on Webelement btn_MyAccount 
2016-04-28 17:03:30,250 INFO  [Log] Entering the text in: txtbx_UserName 
2016-04-28 17:03:30,855 INFO  [Log] Entering the text in: txtbx_Password 
2016-04-28 17:03:31,575 INFO  [Log] Clicking on Webelement btn_Login 
2016-04-28 17:03:34,331 INFO  [Log] Wait for 5 seconds 
2016-04-28 17:03:39,360 INFO  [Log] MouseHover element: lnk_ProductCategory and clicking on: lnk_iPhones 
2016-04-28 17:03:45,716 INFO  [Log] Store Text in a variable for: lbl_CurrentPrice 
2016-04-28 17:03:46,105 INFO  [Log] Clicking on Webelement btn_AddToCart 
2016-04-28 17:03:48,835 INFO  [Log] Clicking on Webelement btn_GoToCheckOut 
2016-04-28 17:03:55,580 INFO  [Log] Verifying Text for item: txtbx_Qty 
2016-04-28 17:03:55,957 INFO  [Log] Closing the browser 
2016-04-28 17:03:57,017 INFO  [Log] xxxxxxxxxxxxxxxxxxxxx             -E---N---D-             xxxxxxxxxxxxxxxxxxxxxxxx 
2016-04-28 17:03:57,017 INFO  [Log] **************************************************************************************** 
2016-04-28 17:03:57,017 INFO  [Log] X 
2016-04-28 17:03:57,017 INFO  [Log] X 
2016-04-28 17:03:57,017 INFO  [Log] X 
2016-04-28 17:03:57,017 INFO  [Log] X 
2016-04-29 13:12:55,280 ERROR [Log] Class ExcelUtils | Method getCellData | Exception desc : null 
2016-04-29 13:12:55,303 INFO  [Log] **************************************************************************************** 
2016-04-29 13:12:55,303 INFO  [Log] **************************************************************************************** 
2016-04-29 13:12:55,303 INFO  [Log] xxxxxxxxxxxxxxxxxxxxxxx           TC003      xxxxxxxxxxxxxxxxxxxxxxxxxxxxxx 
2016-04-29 13:12:55,303 INFO  [Log] **************************************************************************************** 
2016-04-29 13:12:55,303 INFO  [Log] **************************************************************************************** 
2016-04-29 13:12:55,307 INFO  [Log] Opening Browser 
2016-04-29 13:13:15,489 INFO  [Log] Navigating to URL 
2016-04-29 13:13:24,391 INFO  [Log] Clicking on Webelement btn_MyAccount 
2016-04-29 13:13:30,588 INFO  [Log] Entering the text in: txtbx_UserName 
2016-04-29 13:13:31,367 INFO  [Log] Entering the text in: txtbx_Password 
2016-04-29 13:13:31,998 INFO  [Log] Clicking on Webelement btn_Login 
2016-04-29 13:13:34,719 INFO  [Log] Wait for 5 seconds 
2016-04-29 13:13:39,784 INFO  [Log] MouseHover element: lnk_ProductCategory and clicking on: lnk_iPhones 
2016-04-29 13:13:44,784 INFO  [Log] Store Text in a variable for: lbl_CurrentPrice 
2016-04-29 13:13:50,243 INFO  [Log] Clicking on Webelement btn_AddToCart 
2016-04-29 13:13:52,918 INFO  [Log] Clicking on Webelement btn_GoToCheckOut 
2016-04-29 13:13:59,408 INFO  [Log] Verifying Text for item: txtbx_Qty 
2016-04-29 13:13:59,739 INFO  [Log] Closing the browser 
2016-04-29 13:14:00,927 INFO  [Log] xxxxxxxxxxxxxxxxxxxxx             -E---N---D-             xxxxxxxxxxxxxxxxxxxxxxxx 
2016-04-29 13:14:00,927 INFO  [Log] **************************************************************************************** 
2016-04-29 13:14:00,927 INFO  [Log] X 
2016-04-29 13:14:00,927 INFO  [Log] X 
2016-04-29 13:14:00,927 INFO  [Log] X 
2016-04-29 13:14:00,927 INFO  [Log] X 
2016-04-29 13:26:42,782 ERROR [Log] Class ExcelUtils | Method getCellData | Exception desc : null 
2016-04-29 13:26:42,782 INFO  [Log] **************************************************************************************** 
2016-04-29 13:26:42,783 INFO  [Log] **************************************************************************************** 
2016-04-29 13:26:42,783 INFO  [Log] xxxxxxxxxxxxxxxxxxxxxxx           TC003      xxxxxxxxxxxxxxxxxxxxxxxxxxxxxx 
2016-04-29 13:26:42,783 INFO  [Log] **************************************************************************************** 
2016-04-29 13:26:42,783 INFO  [Log] **************************************************************************************** 
2016-04-29 13:26:42,786 INFO  [Log] Opening Browser 
2016-04-29 13:26:58,474 INFO  [Log] Navigating to URL 
2016-04-29 13:27:10,593 INFO  [Log] Clicking on Webelement btn_MyAccount 
2016-04-29 13:27:16,447 INFO  [Log] Entering the text in: txtbx_UserName 
2016-04-29 13:27:17,170 INFO  [Log] Entering the text in: txtbx_Password 
2016-04-29 13:27:17,868 INFO  [Log] Clicking on Webelement btn_Login 
2016-04-29 13:27:20,508 INFO  [Log] Wait for 5 seconds 
2016-04-29 13:27:25,573 INFO  [Log] MouseHover element: lnk_ProductCategory and clicking on: lnk_iPhones 
2016-04-29 13:27:31,338 INFO  [Log] Store Text in a variable for: lbl_CurrentPrice 
2016-04-29 13:27:37,157 INFO  [Log] Clicking on Webelement btn_AddToCart 
2016-04-29 13:27:39,903 INFO  [Log] Clicking on Webelement btn_GoToCheckOut 
2016-04-29 13:27:46,376 INFO  [Log] Verifying Text for item: txtbx_Qty 
2016-04-29 13:27:46,509 INFO  [Log] Verifying Text for item: lbl_SubTotal 
2016-04-29 13:28:18,312 INFO  [Log] Closing the browser 
2016-04-29 13:28:19,450 INFO  [Log] xxxxxxxxxxxxxxxxxxxxx             -E---N---D-             xxxxxxxxxxxxxxxxxxxxxxxx 
2016-04-29 13:28:19,450 INFO  [Log] **************************************************************************************** 
2016-04-29 13:28:19,450 INFO  [Log] X 
2016-04-29 13:28:19,450 INFO  [Log] X 
2016-04-29 13:28:19,450 INFO  [Log] X 
2016-04-29 13:28:19,450 INFO  [Log] X 
2016-04-29 13:33:04,322 ERROR [Log] Class ExcelUtils | Method getCellData | Exception desc : null 
2016-04-29 13:33:04,323 INFO  [Log] **************************************************************************************** 
2016-04-29 13:33:04,323 INFO  [Log] **************************************************************************************** 
2016-04-29 13:33:04,323 INFO  [Log] xxxxxxxxxxxxxxxxxxxxxxx           TC003      xxxxxxxxxxxxxxxxxxxxxxxxxxxxxx 
2016-04-29 13:33:04,323 INFO  [Log] **************************************************************************************** 
2016-04-29 13:33:04,323 INFO  [Log] **************************************************************************************** 
2016-04-29 13:33:04,326 INFO  [Log] Opening Browser 
2016-04-29 13:33:20,002 INFO  [Log] Navigating to URL 
2016-04-29 13:33:32,328 INFO  [Log] Clicking on Webelement btn_MyAccount 
2016-04-29 13:33:39,598 INFO  [Log] Entering the text in: txtbx_UserName 
2016-04-29 13:33:40,152 INFO  [Log] Entering the text in: txtbx_Password 
2016-04-29 13:33:40,750 INFO  [Log] Clicking on Webelement btn_Login 
2016-04-29 13:33:43,386 INFO  [Log] Wait for 5 seconds 
2016-04-29 13:33:48,444 INFO  [Log] MouseHover element: lnk_ProductCategory and clicking on: lnk_iPhones 
2016-04-29 13:33:54,504 INFO  [Log] Store Text in a variable for: lbl_CurrentPrice 
2016-04-29 13:33:54,905 INFO  [Log] Clicking on Webelement btn_AddToCart 
2016-04-29 13:33:57,607 INFO  [Log] Clicking on Webelement btn_GoToCheckOut 
2016-04-29 13:34:04,420 INFO  [Log] Verifying Text for item: txtbx_Qty 
2016-04-29 13:34:04,638 INFO  [Log] Verifying Text for item: lbl_SubTotal 
2016-04-29 13:54:41,270 ERROR [Log] Class ExcelUtils | Method getCellData | Exception desc : null 
2016-04-29 13:54:41,271 INFO  [Log] **************************************************************************************** 
2016-04-29 13:54:41,271 INFO  [Log] **************************************************************************************** 
2016-04-29 13:54:41,271 INFO  [Log] xxxxxxxxxxxxxxxxxxxxxxx           TC003      xxxxxxxxxxxxxxxxxxxxxxxxxxxxxx 
2016-04-29 13:54:41,271 INFO  [Log] **************************************************************************************** 
2016-04-29 13:54:41,271 INFO  [Log] **************************************************************************************** 
2016-04-29 13:54:41,274 INFO  [Log] Opening Browser 
2016-04-29 13:54:57,546 INFO  [Log] Navigating to URL 
2016-04-29 13:55:11,448 INFO  [Log] Clicking on Webelement btn_MyAccount 
2016-04-29 13:55:18,541 INFO  [Log] Entering the text in: txtbx_UserName 
2016-04-29 13:55:19,148 INFO  [Log] Entering the text in: txtbx_Password 
2016-04-29 13:55:19,822 INFO  [Log] Clicking on Webelement btn_Login 
2016-04-29 13:55:22,759 INFO  [Log] Wait for 5 seconds 
2016-04-29 13:55:27,818 INFO  [Log] MouseHover element: lnk_ProductCategory and clicking on: lnk_iPhones 
2016-04-29 13:55:32,524 INFO  [Log] Store Text in a variable for: lbl_CurrentPrice 
2016-04-29 13:55:36,617 INFO  [Log] Clicking on Webelement btn_AddToCart 
2016-04-29 13:55:38,884 INFO  [Log] Clicking on Webelement btn_GoToCheckOut 
2016-04-29 13:55:46,786 INFO  [Log] Verifying Text for item: txtbx_Qty 
2016-04-29 13:55:46,886 INFO  [Log] Verifying Text for item: lbl_SubTotal 
2016-04-29 13:55:47,439 INFO  [Log] Closing the browser 
2016-04-29 13:55:48,641 INFO  [Log] xxxxxxxxxxxxxxxxxxxxx             -E---N---D-             xxxxxxxxxxxxxxxxxxxxxxxx 
2016-04-29 13:55:48,641 INFO  [Log] **************************************************************************************** 
2016-04-29 13:55:48,641 INFO  [Log] X 
2016-04-29 13:55:48,641 INFO  [Log] X 
2016-04-29 13:55:48,641 INFO  [Log] X 
2016-04-29 13:55:48,641 INFO  [Log] X 
2016-04-29 14:02:13,095 ERROR [Log] Class ExcelUtils | Method getCellData | Exception desc : null 
2016-04-29 14:02:13,095 INFO  [Log] **************************************************************************************** 
2016-04-29 14:02:13,096 INFO  [Log] **************************************************************************************** 
2016-04-29 14:02:13,096 INFO  [Log] xxxxxxxxxxxxxxxxxxxxxxx           TC003      xxxxxxxxxxxxxxxxxxxxxxxxxxxxxx 
2016-04-29 14:02:13,096 INFO  [Log] **************************************************************************************** 
2016-04-29 14:02:13,096 INFO  [Log] **************************************************************************************** 
2016-04-29 14:02:13,098 INFO  [Log] Opening Browser 
2016-04-29 14:02:29,771 INFO  [Log] Navigating to URL 
2016-04-29 14:02:42,547 INFO  [Log] Clicking on Webelement btn_MyAccount 
2016-04-29 14:02:48,533 INFO  [Log] Entering the text in: txtbx_UserName 
2016-04-29 14:02:49,093 INFO  [Log] Entering the text in: txtbx_Password 
2016-04-29 14:02:49,723 INFO  [Log] Clicking on Webelement btn_Login 
2016-04-29 14:02:52,413 INFO  [Log] Wait for 5 seconds 
2016-04-29 14:02:57,476 INFO  [Log] MouseHover element: lnk_ProductCategory and clicking on: lnk_iPhones 
2016-04-29 14:03:03,322 INFO  [Log] Store Text in a variable for: lbl_CurrentPrice 
2016-04-29 14:03:03,791 INFO  [Log] Clicking on Webelement btn_AddToCart 
2016-04-29 14:03:06,501 INFO  [Log] Clicking on Webelement btn_GoToCheckOut 
2016-04-29 14:03:13,836 INFO  [Log] Verifying Text for item: txtbx_Qty 
2016-04-29 14:03:14,162 INFO  [Log] Verifying Text for item: lbl_SubTotal 
2016-04-29 14:03:15,137 INFO  [Log] Closing the browser 
2016-04-29 14:03:16,374 INFO  [Log] xxxxxxxxxxxxxxxxxxxxx             -E---N---D-             xxxxxxxxxxxxxxxxxxxxxxxx 
2016-04-29 14:03:16,374 INFO  [Log] **************************************************************************************** 
2016-04-29 14:03:16,374 INFO  [Log] X 
2016-04-29 14:03:16,374 INFO  [Log] X 
2016-04-29 14:03:16,374 INFO  [Log] X 
2016-04-29 14:03:16,374 INFO  [Log] X 
2016-04-29 14:04:37,482 ERROR [Log] Class ExcelUtils | Method getCellData | Exception desc : null 
2016-04-29 14:04:37,482 INFO  [Log] **************************************************************************************** 
2016-04-29 14:04:37,482 INFO  [Log] **************************************************************************************** 
2016-04-29 14:04:37,482 INFO  [Log] xxxxxxxxxxxxxxxxxxxxxxx           TC003      xxxxxxxxxxxxxxxxxxxxxxxxxxxxxx 
2016-04-29 14:04:37,482 INFO  [Log] **************************************************************************************** 
2016-04-29 14:04:37,482 INFO  [Log] **************************************************************************************** 
2016-04-29 14:04:37,485 INFO  [Log] Opening Browser 
2016-04-29 14:04:53,357 INFO  [Log] Navigating to URL 
2016-04-29 14:05:06,833 INFO  [Log] Clicking on Webelement btn_MyAccount 
2016-04-29 14:05:12,605 INFO  [Log] Entering the text in: txtbx_UserName 
2016-04-29 14:05:13,171 INFO  [Log] Entering the text in: txtbx_Password 
2016-04-29 14:05:13,797 INFO  [Log] Clicking on Webelement btn_Login 
2016-04-29 14:05:16,500 INFO  [Log] Wait for 5 seconds 
2016-04-29 14:05:21,562 INFO  [Log] MouseHover element: lnk_ProductCategory and clicking on: lnk_iPhones 
2016-04-29 14:05:30,988 INFO  [Log] Store Text in a variable for: lbl_CurrentPrice 
2016-04-29 14:05:31,386 INFO  [Log] Clicking on Webelement btn_AddToCart 
2016-04-29 14:05:34,034 INFO  [Log] Clicking on Webelement btn_GoToCheckOut 
2016-04-29 14:05:42,829 INFO  [Log] Verifying Text for item: txtbx_Qty 
2016-04-29 14:05:43,270 INFO  [Log] Verifying Text for item: lbl_SubTotal 
2016-04-29 14:05:44,169 INFO  [Log] Closing the browser 
2016-04-29 14:05:46,249 INFO  [Log] xxxxxxxxxxxxxxxxxxxxx             -E---N---D-             xxxxxxxxxxxxxxxxxxxxxxxx 
2016-04-29 14:05:46,249 INFO  [Log] **************************************************************************************** 
2016-04-29 14:05:46,249 INFO  [Log] X 
2016-04-29 14:05:46,249 INFO  [Log] X 
2016-04-29 14:05:46,249 INFO  [Log] X 
2016-04-29 14:05:46,249 INFO  [Log] X 
2016-04-29 14:10:04,401 ERROR [Log] Class ExcelUtils | Method getCellData | Exception desc : null 
2016-04-29 14:10:04,402 INFO  [Log] **************************************************************************************** 
2016-04-29 14:10:04,402 INFO  [Log] **************************************************************************************** 
2016-04-29 14:10:04,402 INFO  [Log] xxxxxxxxxxxxxxxxxxxxxxx           TC003      xxxxxxxxxxxxxxxxxxxxxxxxxxxxxx 
2016-04-29 14:10:04,402 INFO  [Log] **************************************************************************************** 
2016-04-29 14:10:04,402 INFO  [Log] **************************************************************************************** 
2016-04-29 14:10:04,405 INFO  [Log] Opening Browser 
2016-04-29 14:10:19,909 INFO  [Log] Navigating to URL 
2016-04-29 14:10:32,485 INFO  [Log] Clicking on Webelement btn_MyAccount 
2016-04-29 14:10:38,488 INFO  [Log] Entering the text in: txtbx_UserName 
2016-04-29 14:10:39,171 INFO  [Log] Entering the text in: txtbx_Password 
2016-04-29 14:10:39,559 INFO  [Log] Clicking on Webelement btn_Login 
2016-04-29 14:10:41,825 INFO  [Log] Wait for 5 seconds 
2016-04-29 14:10:46,877 INFO  [Log] MouseHover element: lnk_ProductCategory and clicking on: lnk_iPhones 
2016-04-29 14:10:52,572 INFO  [Log] Store Text in a variable for: lbl_CurrentPrice 
2016-04-29 14:10:52,680 INFO  [Log] Clicking on Webelement btn_AddToCart 
2016-04-29 14:10:54,947 INFO  [Log] Clicking on Webelement btn_GoToCheckOut 
2016-04-29 14:11:01,883 INFO  [Log] Verifying Text for item: txtbx_Qty 
2016-04-29 14:11:02,003 INFO  [Log] xxxxxxxxxxxxxxxxxxxxx             -E---N---D-             xxxxxxxxxxxxxxxxxxxxxxxx 
2016-04-29 14:11:02,003 INFO  [Log] **************************************************************************************** 
2016-04-29 14:11:02,003 INFO  [Log] X 
2016-04-29 14:11:02,003 INFO  [Log] X 
2016-04-29 14:11:02,003 INFO  [Log] X 
2016-04-29 14:11:02,003 INFO  [Log] X 
2016-04-29 14:15:16,951 ERROR [Log] Class ExcelUtils | Method getCellData | Exception desc : null 
2016-04-29 14:15:16,951 INFO  [Log] **************************************************************************************** 
2016-04-29 14:15:16,951 INFO  [Log] **************************************************************************************** 
2016-04-29 14:15:16,951 INFO  [Log] xxxxxxxxxxxxxxxxxxxxxxx           TC003      xxxxxxxxxxxxxxxxxxxxxxxxxxxxxx 
2016-04-29 14:15:16,951 INFO  [Log] **************************************************************************************** 
2016-04-29 14:15:16,951 INFO  [Log] **************************************************************************************** 
2016-04-29 14:15:16,954 INFO  [Log] Opening Browser 
2016-04-29 14:15:32,429 INFO  [Log] Navigating to URL 
2016-04-29 14:15:44,607 INFO  [Log] Clicking on Webelement btn_MyAccount 
2016-04-29 14:15:50,230 INFO  [Log] Entering the text in: txtbx_UserName 
2016-04-29 14:15:50,884 INFO  [Log] Entering the text in: txtbx_Password 
2016-04-29 14:15:51,586 INFO  [Log] Clicking on Webelement btn_Login 
2016-04-29 14:15:54,342 INFO  [Log] Wait for 5 seconds 
2016-04-29 14:15:59,410 INFO  [Log] MouseHover element: lnk_ProductCategory and clicking on: lnk_iPhones 
2016-04-29 14:16:05,929 INFO  [Log] Store Text in a variable for: lbl_CurrentPrice 
2016-04-29 14:16:06,315 INFO  [Log] Clicking on Webelement btn_AddToCart 
2016-04-29 14:16:09,076 INFO  [Log] Clicking on Webelement btn_GoToCheckOut 
2016-04-29 14:16:15,801 INFO  [Log] Verifying Text for item: txtbx_Qty 
2016-04-29 14:16:16,143 INFO  [Log] Verifying Text for item: lbl_SubTotal 
2016-04-29 14:16:16,529 INFO  [Log] Stored Text for object lbl_SubTotalis: $270.00 
2016-04-29 14:16:16,554 INFO  [Log] Closing the browser 
2016-04-29 14:16:17,946 INFO  [Log] xxxxxxxxxxxxxxxxxxxxx             -E---N---D-             xxxxxxxxxxxxxxxxxxxxxxxx 
2016-04-29 14:16:17,946 INFO  [Log] **************************************************************************************** 
2016-04-29 14:16:17,946 INFO  [Log] X 
2016-04-29 14:16:17,946 INFO  [Log] X 
2016-04-29 14:16:17,946 INFO  [Log] X 
2016-04-29 14:16:17,946 INFO  [Log] X 
2016-04-29 14:16:52,071 ERROR [Log] Class ExcelUtils | Method getCellData | Exception desc : null 
2016-04-29 14:16:52,072 INFO  [Log] **************************************************************************************** 
2016-04-29 14:16:52,072 INFO  [Log] **************************************************************************************** 
2016-04-29 14:16:52,072 INFO  [Log] xxxxxxxxxxxxxxxxxxxxxxx           TC003      xxxxxxxxxxxxxxxxxxxxxxxxxxxxxx 
2016-04-29 14:16:52,072 INFO  [Log] **************************************************************************************** 
2016-04-29 14:16:52,072 INFO  [Log] **************************************************************************************** 
2016-04-29 14:16:52,074 INFO  [Log] Opening Browser 
2016-04-29 14:17:08,089 INFO  [Log] Navigating to URL 
2016-04-29 14:17:20,347 INFO  [Log] Clicking on Webelement btn_MyAccount 
2016-04-29 14:17:27,538 INFO  [Log] Entering the text in: txtbx_UserName 
2016-04-29 14:17:28,225 INFO  [Log] Entering the text in: txtbx_Password 
2016-04-29 14:17:28,830 INFO  [Log] Clicking on Webelement btn_Login 
2016-04-29 14:17:31,507 INFO  [Log] Wait for 5 seconds 
2016-04-29 14:17:36,574 INFO  [Log] MouseHover element: lnk_ProductCategory and clicking on: lnk_iPhones 
2016-04-29 14:17:42,845 INFO  [Log] Store Text in a variable for: lbl_CurrentPrice 
2016-04-29 14:17:43,317 INFO  [Log] Clicking on Webelement btn_AddToCart 
2016-04-29 14:17:46,089 INFO  [Log] Clicking on Webelement btn_GoToCheckOut 
2016-04-29 14:17:52,627 INFO  [Log] Verifying Text for item: txtbx_Qty 
2016-04-29 14:17:52,976 INFO  [Log] xxxxxxxxxxxxxxxxxxxxx             -E---N---D-             xxxxxxxxxxxxxxxxxxxxxxxx 
2016-04-29 14:17:52,976 INFO  [Log] **************************************************************************************** 
2016-04-29 14:17:52,976 INFO  [Log] X 
2016-04-29 14:17:52,976 INFO  [Log] X 
2016-04-29 14:17:52,977 INFO  [Log] X 
2016-04-29 14:17:52,977 INFO  [Log] X 
2016-04-29 14:29:21,834 ERROR [Log] Class ExcelUtils | Method getCellData | Exception desc : null 
2016-04-29 14:29:21,835 INFO  [Log] **************************************************************************************** 
2016-04-29 14:29:21,835 INFO  [Log] **************************************************************************************** 
2016-04-29 14:29:21,835 INFO  [Log] xxxxxxxxxxxxxxxxxxxxxxx           TC003      xxxxxxxxxxxxxxxxxxxxxxxxxxxxxx 
2016-04-29 14:29:21,835 INFO  [Log] **************************************************************************************** 
2016-04-29 14:29:21,835 INFO  [Log] **************************************************************************************** 
2016-04-29 14:29:21,838 INFO  [Log] Opening Browser 
2016-04-29 14:29:37,873 INFO  [Log] Navigating to URL 
2016-04-29 14:29:52,582 INFO  [Log] Clicking on Webelement btn_MyAccount 
2016-04-29 14:30:00,005 INFO  [Log] Entering the text in: txtbx_UserName 
2016-04-29 14:30:00,692 INFO  [Log] Entering the text in: txtbx_Password 
2016-04-29 14:30:01,411 INFO  [Log] Clicking on Webelement btn_Login 
2016-04-29 14:30:04,174 INFO  [Log] Wait for 5 seconds 
2016-04-29 14:30:09,240 INFO  [Log] MouseHover element: lnk_ProductCategory and clicking on: lnk_iPhones 
2016-04-29 14:30:15,162 INFO  [Log] Store Text in a variable for: lbl_CurrentPrice 
2016-04-29 14:30:15,583 INFO  [Log] Clicking on Webelement btn_AddToCart 
2016-04-29 14:30:18,305 INFO  [Log] Clicking on Webelement btn_GoToCheckOut 
2016-04-29 14:30:25,629 INFO  [Log] Verifying Text for item: txtbx_Qty 
2016-04-29 14:30:26,458 INFO  [Log] xxxxxxxxxxxxxxxxxxxxx             -E---N---D-             xxxxxxxxxxxxxxxxxxxxxxxx 
2016-04-29 14:30:26,458 INFO  [Log] **************************************************************************************** 
2016-04-29 14:30:26,458 INFO  [Log] X 
2016-04-29 14:30:26,458 INFO  [Log] X 
2016-04-29 14:30:26,458 INFO  [Log] X 
2016-04-29 14:30:26,458 INFO  [Log] X 
2016-04-29 14:30:26,458 INFO  [Log] Verifying Text for item: lbl_SubTotal 
2016-04-29 14:30:27,313 INFO  [Log] xxxxxxxxxxxxxxxxxxxxx             -E---N---D-             xxxxxxxxxxxxxxxxxxxxxxxx 
2016-04-29 14:30:27,313 INFO  [Log] **************************************************************************************** 
2016-04-29 14:30:27,313 INFO  [Log] X 
2016-04-29 14:30:27,313 INFO  [Log] X 
2016-04-29 14:30:27,313 INFO  [Log] X 
2016-04-29 14:30:27,313 INFO  [Log] X 
2016-04-29 14:30:27,314 INFO  [Log] Closing the browser 
2016-04-29 14:30:30,111 INFO  [Log] xxxxxxxxxxxxxxxxxxxxx             -E---N---D-             xxxxxxxxxxxxxxxxxxxxxxxx 
2016-04-29 14:30:30,111 INFO  [Log] **************************************************************************************** 
2016-04-29 14:30:30,111 INFO  [Log] X 
2016-04-29 14:30:30,111 INFO  [Log] X 
2016-04-29 14:30:30,111 INFO  [Log] X 
2016-04-29 14:30:30,111 INFO  [Log] X 
2016-04-29 14:36:25,256 ERROR [Log] Class ExcelUtils | Method getCellData | Exception desc : null 
2016-04-29 14:36:25,257 INFO  [Log] **************************************************************************************** 
2016-04-29 14:36:25,257 INFO  [Log] **************************************************************************************** 
2016-04-29 14:36:25,257 INFO  [Log] xxxxxxxxxxxxxxxxxxxxxxx           TC003      xxxxxxxxxxxxxxxxxxxxxxxxxxxxxx 
2016-04-29 14:36:25,257 INFO  [Log] **************************************************************************************** 
2016-04-29 14:36:25,257 INFO  [Log] **************************************************************************************** 
2016-04-29 14:36:25,260 INFO  [Log] Opening Browser 
2016-04-29 14:36:40,763 INFO  [Log] Navigating to URL 
2016-04-29 14:36:54,230 INFO  [Log] Clicking on Webelement btn_MyAccount 
2016-04-29 14:37:00,471 INFO  [Log] Entering the text in: txtbx_UserName 
2016-04-29 14:37:01,630 INFO  [Log] Entering the text in: txtbx_Password 
2016-04-29 14:37:02,284 INFO  [Log] Clicking on Webelement btn_Login 
2016-04-29 14:37:04,930 INFO  [Log] Wait for 5 seconds 
2016-04-29 14:37:09,993 INFO  [Log] MouseHover element: lnk_ProductCategory and clicking on: lnk_iPhones 
2016-04-29 14:37:16,359 INFO  [Log] Store Text in a variable for: lbl_CurrentPrice 
2016-04-29 14:37:16,754 INFO  [Log] Clicking on Webelement btn_AddToCart 
2016-04-29 14:37:19,403 INFO  [Log] Clicking on Webelement btn_GoToCheckOut 
2016-04-29 14:37:26,526 INFO  [Log] Verifying Text for item: txtbx_Qty 
2016-04-29 14:37:27,340 INFO  [Log] Verifying Text for item: lbl_SubTotal 
2016-04-29 14:37:28,196 INFO  [Log] Closing the browser 
2016-04-29 14:37:29,271 INFO  [Log] xxxxxxxxxxxxxxxxxxxxx             -E---N---D-             xxxxxxxxxxxxxxxxxxxxxxxx 
2016-04-29 14:37:29,271 INFO  [Log] **************************************************************************************** 
2016-04-29 14:37:29,271 INFO  [Log] X 
2016-04-29 14:37:29,271 INFO  [Log] X 
2016-04-29 14:37:29,271 INFO  [Log] X 
2016-04-29 14:37:29,271 INFO  [Log] X 
2016-04-29 14:43:57,172 INFO  [Log] **************************************************************************************** 
2016-04-29 14:43:57,173 INFO  [Log] **************************************************************************************** 
2016-04-29 14:43:57,173 INFO  [Log] xxxxxxxxxxxxxxxxxxxxxxx           TC001      xxxxxxxxxxxxxxxxxxxxxxxxxxxxxx 
2016-04-29 14:43:57,173 INFO  [Log] **************************************************************************************** 
2016-04-29 14:43:57,173 INFO  [Log] **************************************************************************************** 
2016-04-29 14:43:57,176 INFO  [Log] Opening Browser 
2016-04-29 14:44:14,333 INFO  [Log] Navigating to URL 
2016-04-29 14:44:35,783 INFO  [Log] Clicking on Webelement btn_MyAccount 
2016-04-29 14:44:42,462 INFO  [Log] Entering the text in: txtbx_UserName 
2016-04-29 14:44:43,094 INFO  [Log] Entering the text in: txtbx_Password 
2016-04-29 14:44:43,726 INFO  [Log] Clicking on Webelement btn_Login 
2016-04-29 14:44:46,036 INFO  [Log] Wait for 5 seconds 
2016-04-29 14:44:51,095 INFO  [Log] Clicking on Webelement btn_Logout 
2016-04-29 14:44:53,411 INFO  [Log] Closing the browser 
2016-04-29 14:44:54,489 INFO  [Log] xxxxxxxxxxxxxxxxxxxxx             -E---N---D-             xxxxxxxxxxxxxxxxxxxxxxxx 
2016-04-29 14:44:54,489 INFO  [Log] **************************************************************************************** 
2016-04-29 14:44:54,489 INFO  [Log] X 
2016-04-29 14:44:54,489 INFO  [Log] X 
2016-04-29 14:44:54,489 INFO  [Log] X 
2016-04-29 14:44:54,489 INFO  [Log] X 
2016-04-29 14:44:54,639 INFO  [Log] **************************************************************************************** 
2016-04-29 14:44:54,639 INFO  [Log] **************************************************************************************** 
2016-04-29 14:44:54,639 INFO  [Log] xxxxxxxxxxxxxxxxxxxxxxx           TC002      xxxxxxxxxxxxxxxxxxxxxxxxxxxxxx 
2016-04-29 14:44:54,640 INFO  [Log] **************************************************************************************** 
2016-04-29 14:44:54,640 INFO  [Log] **************************************************************************************** 
2016-04-29 14:44:54,640 INFO  [Log] Opening Browser 
2016-04-29 14:45:09,902 INFO  [Log] Navigating to URL 
2016-04-29 14:45:25,335 INFO  [Log] Clicking on Webelement btn_MyAccount 
2016-04-29 14:45:31,197 INFO  [Log] Entering the text in: txtbx_UserName 
2016-04-29 14:45:31,817 INFO  [Log] Entering the text in: txtbx_Password 
2016-04-29 14:45:32,645 INFO  [Log] Clicking on Webelement btn_Login 
2016-04-29 14:45:35,336 INFO  [Log] Wait for 5 seconds 
2016-04-29 14:51:46,700 INFO  [Log] **************************************************************************************** 
2016-04-29 14:51:46,700 INFO  [Log] **************************************************************************************** 
2016-04-29 14:51:46,700 INFO  [Log] xxxxxxxxxxxxxxxxxxxxxxx           TC001      xxxxxxxxxxxxxxxxxxxxxxxxxxxxxx 
2016-04-29 14:51:46,700 INFO  [Log] **************************************************************************************** 
2016-04-29 14:51:46,700 INFO  [Log] **************************************************************************************** 
2016-04-29 14:51:46,703 INFO  [Log] Opening Browser 
2016-04-29 14:52:02,748 INFO  [Log] Navigating to URL 
2016-04-29 14:52:13,535 INFO  [Log] Clicking on Webelement btn_MyAccount 
2016-04-29 14:52:20,170 INFO  [Log] Entering the text in: txtbx_UserName 
2016-04-29 14:52:20,861 INFO  [Log] Entering the text in: txtbx_Password 
2016-04-29 14:52:21,458 INFO  [Log] Clicking on Webelement btn_Login 
2016-04-29 14:52:24,256 INFO  [Log] Wait for 5 seconds 
2016-04-29 14:52:29,319 INFO  [Log] Clicking on Webelement btn_Logout 
2016-04-29 14:52:32,298 INFO  [Log] Closing the browser 
2016-04-29 14:52:33,476 INFO  [Log] xxxxxxxxxxxxxxxxxxxxx             -E---N---D-             xxxxxxxxxxxxxxxxxxxxxxxx 
2016-04-29 14:52:33,476 INFO  [Log] **************************************************************************************** 
2016-04-29 14:52:33,476 INFO  [Log] X 
2016-04-29 14:52:33,476 INFO  [Log] X 
2016-04-29 14:52:33,476 INFO  [Log] X 
2016-04-29 14:52:33,476 INFO  [Log] X 
2016-04-29 14:52:33,633 INFO  [Log] **************************************************************************************** 
2016-04-29 14:52:33,633 INFO  [Log] **************************************************************************************** 
2016-04-29 14:52:33,633 INFO  [Log] xxxxxxxxxxxxxxxxxxxxxxx           TC002      xxxxxxxxxxxxxxxxxxxxxxxxxxxxxx 
2016-04-29 14:52:33,633 INFO  [Log] **************************************************************************************** 
2016-04-29 14:52:33,633 INFO  [Log] **************************************************************************************** 
2016-04-29 14:52:33,633 INFO  [Log] Opening Browser 
2016-04-29 14:52:49,170 INFO  [Log] Navigating to URL 
2016-04-29 14:53:09,444 INFO  [Log] Clicking on Webelement btn_MyAccount 
2016-04-29 14:53:16,163 INFO  [Log] Entering the text in: txtbx_UserName 
2016-04-29 14:53:16,870 INFO  [Log] Entering the text in: txtbx_Password 
2016-04-29 14:53:17,643 INFO  [Log] Clicking on Webelement btn_Login 
2016-04-29 14:53:20,299 INFO  [Log] Wait for 5 seconds 
2016-04-29 14:53:25,361 INFO  [Log] Verifying Text for item: lbl_Error 
2016-04-29 14:53:26,139 INFO  [Log] Closing the browser 
2016-04-29 14:53:27,078 INFO  [Log] xxxxxxxxxxxxxxxxxxxxx             -E---N---D-             xxxxxxxxxxxxxxxxxxxxxxxx 
2016-04-29 14:53:27,078 INFO  [Log] **************************************************************************************** 
2016-04-29 14:53:27,078 INFO  [Log] X 
2016-04-29 14:53:27,078 INFO  [Log] X 
2016-04-29 14:53:27,078 INFO  [Log] X 
2016-04-29 14:53:27,078 INFO  [Log] X 
2016-04-29 14:53:27,107 ERROR [Log] Class ExcelUtils | Method getCellData | Exception desc : null 
2016-04-29 14:53:27,107 INFO  [Log] **************************************************************************************** 
2016-04-29 14:53:27,107 INFO  [Log] **************************************************************************************** 
2016-04-29 14:53:27,107 INFO  [Log] xxxxxxxxxxxxxxxxxxxxxxx           TC003      xxxxxxxxxxxxxxxxxxxxxxxxxxxxxx 
2016-04-29 14:53:27,107 INFO  [Log] **************************************************************************************** 
2016-04-29 14:53:27,107 INFO  [Log] **************************************************************************************** 
2016-04-29 14:53:27,107 INFO  [Log] Opening Browser 
2016-04-29 14:53:42,322 INFO  [Log] Navigating to URL 
2016-04-29 14:53:54,130 INFO  [Log] Clicking on Webelement btn_MyAccount 
2016-04-29 14:54:00,540 INFO  [Log] Entering the text in: txtbx_UserName 
2016-04-29 14:54:01,216 INFO  [Log] Entering the text in: txtbx_Password 
2016-04-29 14:54:01,837 INFO  [Log] Clicking on Webelement btn_Login 
2016-04-29 14:54:04,482 INFO  [Log] Wait for 5 seconds 
2016-04-29 14:54:09,511 INFO  [Log] MouseHover element: lnk_ProductCategory and clicking on: lnk_iPhones 
2016-04-29 14:54:15,660 INFO  [Log] Store Text in a variable for: lbl_CurrentPrice 
2016-04-29 14:54:16,085 INFO  [Log] Clicking on Webelement btn_AddToCart 
2016-04-29 14:54:18,771 INFO  [Log] Clicking on Webelement btn_GoToCheckOut 
2016-04-29 14:54:25,528 INFO  [Log] Verifying Text for item: txtbx_Qty 
2016-04-29 14:54:26,336 INFO  [Log] Verifying Text for item: lbl_SubTotal 
2016-04-29 14:54:27,087 INFO  [Log] Closing the browser 
2016-04-29 14:54:28,086 INFO  [Log] xxxxxxxxxxxxxxxxxxxxx             -E---N---D-             xxxxxxxxxxxxxxxxxxxxxxxx 
2016-04-29 14:54:28,086 INFO  [Log] **************************************************************************************** 
2016-04-29 14:54:28,086 INFO  [Log] X 
2016-04-29 14:54:28,086 INFO  [Log] X 
2016-04-29 14:54:28,086 INFO  [Log] X 
2016-04-29 14:54:28,086 INFO  [Log] X 
2016-04-29 16:01:11,479 INFO  [Log] **************************************************************************************** 
2016-04-29 16:01:11,480 INFO  [Log] **************************************************************************************** 
2016-04-29 16:01:11,480 INFO  [Log] xxxxxxxxxxxxxxxxxxxxxxx           TC001      xxxxxxxxxxxxxxxxxxxxxxxxxxxxxx 
2016-04-29 16:01:11,480 INFO  [Log] **************************************************************************************** 
2016-04-29 16:01:11,480 INFO  [Log] **************************************************************************************** 
2016-04-29 16:01:11,483 INFO  [Log] Opening Browser 
2016-04-29 16:01:26,842 INFO  [Log] Navigating to URL 
2016-04-29 16:01:38,375 INFO  [Log] Clicking on Webelement btn_MyAccount 
2016-04-29 16:01:45,607 INFO  [Log] Entering the text in: txtbx_UserName 
2016-04-29 16:01:46,262 INFO  [Log] Entering the text in: txtbx_Password 
2016-04-29 16:01:46,837 INFO  [Log] Clicking on Webelement btn_Login 
2016-04-29 16:01:49,531 INFO  [Log] Wait for 5 seconds 
2016-04-29 16:01:54,562 INFO  [Log] Clicking on Webelement btn_Logout 
2016-04-29 16:01:57,232 INFO  [Log] Closing the browser 
2016-04-29 16:01:58,379 INFO  [Log] xxxxxxxxxxxxxxxxxxxxx             -E---N---D-             xxxxxxxxxxxxxxxxxxxxxxxx 
2016-04-29 16:01:58,379 INFO  [Log] **************************************************************************************** 
2016-04-29 16:01:58,379 INFO  [Log] X 
2016-04-29 16:01:58,379 INFO  [Log] X 
2016-04-29 16:01:58,379 INFO  [Log] X 
2016-04-29 16:01:58,379 INFO  [Log] X 
2016-04-29 16:01:58,548 INFO  [Log] **************************************************************************************** 
2016-04-29 16:01:58,549 INFO  [Log] **************************************************************************************** 
2016-04-29 16:01:58,549 INFO  [Log] xxxxxxxxxxxxxxxxxxxxxxx           TC002      xxxxxxxxxxxxxxxxxxxxxxxxxxxxxx 
2016-04-29 16:01:58,549 INFO  [Log] **************************************************************************************** 
2016-04-29 16:01:58,549 INFO  [Log] **************************************************************************************** 
2016-04-29 16:01:58,549 INFO  [Log] Opening Browser 
2016-04-29 16:02:13,853 INFO  [Log] Navigating to URL 
2016-04-29 16:02:23,556 INFO  [Log] Clicking on Webelement btn_MyAccount 
2016-04-29 16:02:30,465 INFO  [Log] Entering the text in: txtbx_UserName 
2016-04-29 16:02:31,078 INFO  [Log] Entering the text in: txtbx_Password 
2016-04-29 16:02:31,825 INFO  [Log] Clicking on Webelement btn_Login 
2016-04-29 16:02:34,517 INFO  [Log] Wait for 5 seconds 
2016-04-29 16:02:39,571 INFO  [Log] Verifying Text for item: lbl_Error 
2016-04-29 16:02:40,189 INFO  [Log] Closing the browser 
2016-04-29 16:02:41,117 INFO  [Log] xxxxxxxxxxxxxxxxxxxxx             -E---N---D-             xxxxxxxxxxxxxxxxxxxxxxxx 
2016-04-29 16:02:41,117 INFO  [Log] **************************************************************************************** 
2016-04-29 16:02:41,117 INFO  [Log] X 
2016-04-29 16:02:41,117 INFO  [Log] X 
2016-04-29 16:02:41,117 INFO  [Log] X 
2016-04-29 16:02:41,118 INFO  [Log] X 
2016-04-29 16:02:41,145 ERROR [Log] Class ExcelUtils | Method getCellData | Exception desc : null 
2016-04-29 16:02:41,145 INFO  [Log] **************************************************************************************** 
2016-04-29 16:02:41,145 INFO  [Log] **************************************************************************************** 
2016-04-29 16:02:41,145 INFO  [Log] xxxxxxxxxxxxxxxxxxxxxxx           TC003      xxxxxxxxxxxxxxxxxxxxxxxxxxxxxx 
2016-04-29 16:02:41,145 INFO  [Log] **************************************************************************************** 
2016-04-29 16:02:41,145 INFO  [Log] **************************************************************************************** 
2016-04-29 16:02:41,145 INFO  [Log] Opening Browser 
2016-04-29 16:02:58,466 INFO  [Log] Navigating to URL 
2016-04-29 16:03:25,558 INFO  [Log] Clicking on Webelement btn_MyAccount 
2016-04-29 16:03:31,112 INFO  [Log] Entering the text in: txtbx_UserName 
2016-04-29 16:03:31,744 INFO  [Log] Entering the text in: txtbx_Password 
2016-04-29 16:03:32,244 INFO  [Log] Clicking on Webelement btn_Login 
2016-04-29 16:03:34,961 INFO  [Log] Wait for 5 seconds 
2016-04-29 16:03:40,017 INFO  [Log] MouseHover element: lnk_ProductCategory and clicking on: lnk_iPhones 
2016-04-29 16:03:46,610 INFO  [Log] Store Text in a variable for: lbl_CurrentPrice 
2016-04-29 16:03:47,020 INFO  [Log] Clicking on Webelement btn_AddToCart 
2016-04-29 16:03:49,710 INFO  [Log] Clicking on Webelement btn_GoToCheckOut 
2016-04-29 16:03:56,840 INFO  [Log] Verifying Text for item: txtbx_Qty 
2016-04-29 16:03:57,596 INFO  [Log] Verifying Text for item: lbl_SubTotal 
2016-04-29 16:03:58,436 INFO  [Log] Closing the browser 
2016-04-29 16:03:59,438 INFO  [Log] xxxxxxxxxxxxxxxxxxxxx             -E---N---D-             xxxxxxxxxxxxxxxxxxxxxxxx 
2016-04-29 16:03:59,438 INFO  [Log] **************************************************************************************** 
2016-04-29 16:03:59,438 INFO  [Log] X 
2016-04-29 16:03:59,438 INFO  [Log] X 
2016-04-29 16:03:59,438 INFO  [Log] X 
2016-04-29 16:03:59,438 INFO  [Log] X 
2016-04-29 16:36:26,877 INFO  [Log] **************************************************************************************** 
2016-04-29 16:36:26,877 INFO  [Log] **************************************************************************************** 
2016-04-29 16:36:26,877 INFO  [Log] xxxxxxxxxxxxxxxxxxxxxxx           TC001      xxxxxxxxxxxxxxxxxxxxxxxxxxxxxx 
2016-04-29 16:36:26,877 INFO  [Log] **************************************************************************************** 
2016-04-29 16:36:26,877 INFO  [Log] **************************************************************************************** 
2016-04-29 16:36:26,880 INFO  [Log] Opening Browser 
2016-04-29 16:36:47,290 INFO  [Log] Navigating to URL 
2016-04-29 16:36:57,913 INFO  [Log] Clicking on Webelement btn_MyAccount 
2016-04-29 16:37:04,754 INFO  [Log] Entering the text in: txtbx_UserName 
2016-04-29 16:37:05,400 INFO  [Log] Entering the text in: txtbx_Password 
2016-04-29 16:37:06,046 INFO  [Log] Clicking on Webelement btn_Login 
2016-04-29 16:37:08,758 INFO  [Log] Wait for 5 seconds 
2016-04-29 16:37:13,791 INFO  [Log] Clicking on Webelement btn_Logout 
2016-04-29 16:37:16,568 INFO  [Log] Closing the browser 
2016-04-29 16:37:18,188 INFO  [Log] xxxxxxxxxxxxxxxxxxxxx             -E---N---D-             xxxxxxxxxxxxxxxxxxxxxxxx 
2016-04-29 16:37:18,188 INFO  [Log] **************************************************************************************** 
2016-04-29 16:37:18,188 INFO  [Log] X 
2016-04-29 16:37:18,188 INFO  [Log] X 
2016-04-29 16:37:18,188 INFO  [Log] X 
2016-04-29 16:37:18,188 INFO  [Log] X 
2016-04-29 16:37:18,348 INFO  [Log] **************************************************************************************** 
2016-04-29 16:37:18,348 INFO  [Log] **************************************************************************************** 
2016-04-29 16:37:18,348 INFO  [Log] xxxxxxxxxxxxxxxxxxxxxxx           TC002      xxxxxxxxxxxxxxxxxxxxxxxxxxxxxx 
2016-04-29 16:37:18,348 INFO  [Log] **************************************************************************************** 
2016-04-29 16:37:18,348 INFO  [Log] **************************************************************************************** 
2016-04-29 16:37:18,349 INFO  [Log] Opening Browser 
2016-04-29 16:37:33,236 INFO  [Log] Navigating to URL 
2016-04-29 16:37:42,551 INFO  [Log] Clicking on Webelement btn_MyAccount 
2016-04-29 16:37:49,494 INFO  [Log] Entering the text in: txtbx_UserName 
2016-04-29 16:37:50,086 INFO  [Log] Entering the text in: txtbx_Password 
2016-04-29 16:37:50,743 INFO  [Log] Clicking on Webelement btn_Login 
2016-04-29 16:37:53,398 INFO  [Log] Wait for 5 seconds 
2016-04-29 16:37:58,464 INFO  [Log] Verifying Text for item: lbl_Error 
2016-04-29 16:37:58,870 INFO  [Log] Closing the browser 
2016-04-29 16:38:00,013 INFO  [Log] xxxxxxxxxxxxxxxxxxxxx             -E---N---D-             xxxxxxxxxxxxxxxxxxxxxxxx 
2016-04-29 16:38:00,013 INFO  [Log] **************************************************************************************** 
2016-04-29 16:38:00,013 INFO  [Log] X 
2016-04-29 16:38:00,013 INFO  [Log] X 
2016-04-29 16:38:00,013 INFO  [Log] X 
2016-04-29 16:38:00,013 INFO  [Log] X 
2016-04-29 16:38:00,075 ERROR [Log] Class ExcelUtils | Method getCellData | Exception desc : null 
2016-04-29 16:38:00,075 INFO  [Log] **************************************************************************************** 
2016-04-29 16:38:00,075 INFO  [Log] **************************************************************************************** 
2016-04-29 16:38:00,075 INFO  [Log] xxxxxxxxxxxxxxxxxxxxxxx           TC003      xxxxxxxxxxxxxxxxxxxxxxxxxxxxxx 
2016-04-29 16:38:00,075 INFO  [Log] **************************************************************************************** 
2016-04-29 16:38:00,075 INFO  [Log] **************************************************************************************** 
2016-04-29 16:38:00,076 INFO  [Log] Opening Browser 
2016-04-29 16:38:16,460 INFO  [Log] Navigating to URL 
2016-04-29 16:38:25,802 INFO  [Log] Clicking on Webelement btn_MyAccount 
2016-04-29 16:38:31,656 INFO  [Log] Entering the text in: txtbx_UserName 
2016-04-29 16:38:32,230 INFO  [Log] Entering the text in: txtbx_Password 
2016-04-29 16:38:32,885 INFO  [Log] Clicking on Webelement btn_Login 
2016-04-29 16:38:35,521 INFO  [Log] Wait for 5 seconds 
2016-04-29 16:38:40,546 INFO  [Log] MouseHover element: lnk_ProductCategory and clicking on: lnk_iPhones 
2016-04-29 16:38:46,886 INFO  [Log] Store Text in a variable for: lbl_CurrentPrice 
2016-04-29 16:38:47,008 INFO  [Log] Clicking on Webelement btn_AddToCart 
2016-04-29 16:38:49,282 INFO  [Log] Clicking on Webelement btn_GoToCheckOut 
2016-04-29 16:38:55,508 INFO  [Log] Verifying Text for item: txtbx_Qty 
2016-04-29 16:38:56,075 INFO  [Log] Verifying Text for item: lbl_SubTotal 
2016-04-29 16:38:56,575 INFO  [Log] Closing the browser 
2016-04-29 16:38:57,554 INFO  [Log] xxxxxxxxxxxxxxxxxxxxx             -E---N---D-             xxxxxxxxxxxxxxxxxxxxxxxx 
2016-04-29 16:38:57,554 INFO  [Log] **************************************************************************************** 
2016-04-29 16:38:57,554 INFO  [Log] X 
2016-04-29 16:38:57,554 INFO  [Log] X 
2016-04-29 16:38:57,554 INFO  [Log] X 
2016-04-29 16:38:57,554 INFO  [Log] X 
2016-04-29 16:45:29,771 INFO  [Log] **************************************************************************************** 
2016-04-29 16:45:29,771 INFO  [Log] **************************************************************************************** 
2016-04-29 16:45:29,772 INFO  [Log] xxxxxxxxxxxxxxxxxxxxxxx           TC001      xxxxxxxxxxxxxxxxxxxxxxxxxxxxxx 
2016-04-29 16:45:29,772 INFO  [Log] **************************************************************************************** 
2016-04-29 16:45:29,772 INFO  [Log] **************************************************************************************** 
2016-04-29 16:45:29,774 INFO  [Log] Opening Browser 
2016-04-29 16:45:45,982 INFO  [Log] Navigating to URL 
2016-04-29 16:45:55,283 INFO  [Log] Clicking on Webelement btn_MyAccount 
2016-04-29 16:46:01,761 INFO  [Log] Entering the text in: txtbx_UserName 
2016-04-29 16:46:02,513 INFO  [Log] Entering the text in: txtbx_Password 
2016-04-29 16:46:03,159 INFO  [Log] Clicking on Webelement btn_Login 
2016-04-29 16:46:05,793 INFO  [Log] Wait for 5 seconds 
2016-04-29 16:46:10,841 INFO  [Log] Clicking on Webelement btn_Logout 
2016-04-29 16:46:13,597 INFO  [Log] Closing the browser 
2016-04-29 16:46:14,691 INFO  [Log] xxxxxxxxxxxxxxxxxxxxx             -E---N---D-             xxxxxxxxxxxxxxxxxxxxxxxx 
2016-04-29 16:46:14,691 INFO  [Log] **************************************************************************************** 
2016-04-29 16:46:14,691 INFO  [Log] X 
2016-04-29 16:46:14,691 INFO  [Log] X 
2016-04-29 16:46:14,691 INFO  [Log] X 
2016-04-29 16:46:14,691 INFO  [Log] X 
2016-04-29 16:46:14,842 INFO  [Log] **************************************************************************************** 
2016-04-29 16:46:14,842 INFO  [Log] **************************************************************************************** 
2016-04-29 16:46:14,842 INFO  [Log] xxxxxxxxxxxxxxxxxxxxxxx           TC002      xxxxxxxxxxxxxxxxxxxxxxxxxxxxxx 
2016-04-29 16:46:14,842 INFO  [Log] **************************************************************************************** 
2016-04-29 16:46:14,842 INFO  [Log] **************************************************************************************** 
2016-04-29 16:46:14,842 INFO  [Log] Opening Browser 
2016-04-29 16:46:30,506 INFO  [Log] Navigating to URL 
2016-04-29 16:46:39,510 INFO  [Log] Clicking on Webelement btn_MyAccount 
2016-04-29 16:46:46,399 INFO  [Log] Entering the text in: txtbx_UserName 
2016-04-29 16:46:47,047 INFO  [Log] Entering the text in: txtbx_Password 
2016-04-29 16:46:47,654 INFO  [Log] Clicking on Webelement btn_Login 
2016-04-29 16:46:50,380 INFO  [Log] Wait for 5 seconds 
2016-04-29 16:46:55,438 INFO  [Log] Verifying Text for item: lbl_Error 
2016-04-29 16:46:55,993 INFO  [Log] Closing the browser 
2016-04-29 16:46:56,988 INFO  [Log] xxxxxxxxxxxxxxxxxxxxx             -E---N---D-             xxxxxxxxxxxxxxxxxxxxxxxx 
2016-04-29 16:46:56,989 INFO  [Log] **************************************************************************************** 
2016-04-29 16:46:56,989 INFO  [Log] X 
2016-04-29 16:46:56,989 INFO  [Log] X 
2016-04-29 16:46:56,989 INFO  [Log] X 
2016-04-29 16:46:56,989 INFO  [Log] X 
2016-04-29 16:46:57,017 ERROR [Log] Class ExcelUtils | Method getCellData | Exception desc : null 
2016-04-29 16:46:57,017 INFO  [Log] **************************************************************************************** 
2016-04-29 16:46:57,017 INFO  [Log] **************************************************************************************** 
2016-04-29 16:46:57,017 INFO  [Log] xxxxxxxxxxxxxxxxxxxxxxx           TC003      xxxxxxxxxxxxxxxxxxxxxxxxxxxxxx 
2016-04-29 16:46:57,018 INFO  [Log] **************************************************************************************** 
2016-04-29 16:46:57,018 INFO  [Log] **************************************************************************************** 
2016-04-29 16:46:57,018 INFO  [Log] Opening Browser 
2016-04-29 16:47:12,516 INFO  [Log] Navigating to URL 
2016-04-29 16:47:21,220 INFO  [Log] Clicking on Webelement btn_MyAccount 
2016-04-29 16:47:27,696 INFO  [Log] Entering the text in: txtbx_UserName 
2016-04-29 16:47:28,304 INFO  [Log] Entering the text in: txtbx_Password 
2016-04-29 16:47:28,919 INFO  [Log] Clicking on Webelement btn_Login 
2016-04-29 16:47:31,785 INFO  [Log] Wait for 5 seconds 
2016-04-29 16:47:36,838 INFO  [Log] MouseHover element: lnk_ProductCategory and clicking on: lnk_iPhones 
2016-04-29 16:47:42,644 INFO  [Log] Store Text in a variable for: lbl_CurrentPrice 
2016-04-29 16:47:43,054 INFO  [Log] Clicking on Webelement btn_AddToCart 
2016-04-29 16:47:45,775 INFO  [Log] Clicking on Webelement btn_GoToCheckOut 
2016-04-29 16:47:52,597 INFO  [Log] Verifying Text for item: txtbx_Qty 
2016-04-29 16:47:53,435 INFO  [Log] Verifying Text for item: lbl_SubTotal 
2016-04-29 16:47:54,314 INFO  [Log] Closing the browser 
2016-04-29 16:47:55,258 INFO  [Log] xxxxxxxxxxxxxxxxxxxxx             -E---N---D-             xxxxxxxxxxxxxxxxxxxxxxxx 
2016-04-29 16:47:55,258 INFO  [Log] **************************************************************************************** 
2016-04-29 16:47:55,258 INFO  [Log] X 
2016-04-29 16:47:55,258 INFO  [Log] X 
2016-04-29 16:47:55,258 INFO  [Log] X 
2016-04-29 16:47:55,258 INFO  [Log] X 
2016-05-03 16:06:58,846 INFO  [Log] **************************************************************************************** 
2016-05-03 16:06:58,847 INFO  [Log] **************************************************************************************** 
2016-05-03 16:06:58,847 INFO  [Log] xxxxxxxxxxxxxxxxxxxxxxx           TC001      xxxxxxxxxxxxxxxxxxxxxxxxxxxxxx 
2016-05-03 16:06:58,847 INFO  [Log] **************************************************************************************** 
2016-05-03 16:06:58,847 INFO  [Log] **************************************************************************************** 
2016-05-03 16:06:58,850 INFO  [Log] Opening Browser 
2016-05-03 16:07:20,802 INFO  [Log] Navigating to URL 
2016-05-03 16:07:28,017 INFO  [Log] Clicking on Webelement btn_MyAccount 
2016-05-03 16:07:32,457 INFO  [Log] Entering the text in: txtbx_UserName 
2016-05-03 16:07:33,060 INFO  [Log] Entering the text in: txtbx_Password 
2016-05-03 16:07:33,642 INFO  [Log] Clicking on Webelement btn_Login 
2016-05-03 16:07:36,361 INFO  [Log] Wait for 5 seconds 
2016-05-03 16:07:41,425 INFO  [Log] Clicking on Webelement btn_Logout 
2016-05-03 16:07:44,267 INFO  [Log] Closing the browser 
2016-05-03 16:07:45,458 INFO  [Log] xxxxxxxxxxxxxxxxxxxxx             -E---N---D-             xxxxxxxxxxxxxxxxxxxxxxxx 
2016-05-03 16:07:45,458 INFO  [Log] **************************************************************************************** 
2016-05-03 16:07:45,458 INFO  [Log] X 
2016-05-03 16:07:45,458 INFO  [Log] X 
2016-05-03 16:07:45,458 INFO  [Log] X 
2016-05-03 16:07:45,458 INFO  [Log] X 
2016-05-03 16:07:45,634 INFO  [Log] **************************************************************************************** 
2016-05-03 16:07:45,634 INFO  [Log] **************************************************************************************** 
2016-05-03 16:07:45,634 INFO  [Log] xxxxxxxxxxxxxxxxxxxxxxx           TC002      xxxxxxxxxxxxxxxxxxxxxxxxxxxxxx 
2016-05-03 16:07:45,634 INFO  [Log] **************************************************************************************** 
2016-05-03 16:07:45,634 INFO  [Log] **************************************************************************************** 
2016-05-03 16:07:45,635 INFO  [Log] Opening Browser 
2016-05-03 16:08:00,828 INFO  [Log] Navigating to URL 
2016-05-03 16:08:49,970 INFO  [Log] Clicking on Webelement btn_MyAccount 
2016-05-03 16:08:54,552 INFO  [Log] Entering the text in: txtbx_UserName 
2016-05-03 16:08:55,153 INFO  [Log] Entering the text in: txtbx_Password 
2016-05-03 16:08:55,806 INFO  [Log] Clicking on Webelement btn_Login 
2016-05-03 16:08:58,540 INFO  [Log] Wait for 5 seconds 
2016-05-03 16:09:03,590 INFO  [Log] Verifying Text for item: lbl_Error 
2016-05-03 16:09:04,073 INFO  [Log] Closing the browser 
2016-05-03 16:09:05,128 INFO  [Log] xxxxxxxxxxxxxxxxxxxxx             -E---N---D-             xxxxxxxxxxxxxxxxxxxxxxxx 
2016-05-03 16:09:05,128 INFO  [Log] **************************************************************************************** 
2016-05-03 16:09:05,128 INFO  [Log] X 
2016-05-03 16:09:05,128 INFO  [Log] X 
2016-05-03 16:09:05,129 INFO  [Log] X 
2016-05-03 16:09:05,129 INFO  [Log] X 
2016-05-03 16:09:05,155 ERROR [Log] Class ExcelUtils | Method getCellData | Exception desc : null 
2016-05-03 16:09:05,156 INFO  [Log] **************************************************************************************** 
2016-05-03 16:09:05,156 INFO  [Log] **************************************************************************************** 
2016-05-03 16:09:05,156 INFO  [Log] xxxxxxxxxxxxxxxxxxxxxxx           TC003      xxxxxxxxxxxxxxxxxxxxxxxxxxxxxx 
2016-05-03 16:09:05,156 INFO  [Log] **************************************************************************************** 
2016-05-03 16:09:05,156 INFO  [Log] **************************************************************************************** 
2016-05-03 16:09:05,156 INFO  [Log] Opening Browser 
2016-05-03 16:09:22,253 INFO  [Log] Navigating to URL 
2016-05-03 16:09:29,094 INFO  [Log] Clicking on Webelement btn_MyAccount 
2016-05-03 16:09:33,883 INFO  [Log] Entering the text in: txtbx_UserName 
2016-05-03 16:09:34,051 INFO  [Log] Entering the text in: txtbx_Password 
2016-05-03 16:09:34,231 INFO  [Log] Clicking on Webelement btn_Login 
2016-05-03 16:09:36,448 INFO  [Log] Wait for 5 seconds 
2016-05-03 16:09:41,472 INFO  [Log] MouseHover element: lnk_ProductCategory and clicking on: lnk_iPhones 
2016-05-03 16:09:46,117 INFO  [Log] Store Text in a variable for: lbl_CurrentPrice 
2016-05-03 16:09:46,226 INFO  [Log] Clicking on Webelement btn_AddToCart 
2016-05-03 16:09:48,468 INFO  [Log] Clicking on Webelement btn_GoToCheckOut 
2016-05-03 16:09:53,127 INFO  [Log] Verifying Text for item: txtbx_Qty 
2016-05-03 16:09:53,225 INFO  [Log] Verifying Text for item: lbl_SubTotal 
2016-05-03 16:09:53,310 INFO  [Log] Stored Text for object lbl_SubTotalis: $270.00 
2016-05-03 16:09:53,334 INFO  [Log] Closing the browser 
2016-05-03 16:09:54,814 INFO  [Log] xxxxxxxxxxxxxxxxxxxxx             -E---N---D-             xxxxxxxxxxxxxxxxxxxxxxxx 
2016-05-03 16:09:54,814 INFO  [Log] **************************************************************************************** 
2016-05-03 16:09:54,814 INFO  [Log] X 
2016-05-03 16:09:54,814 INFO  [Log] X 
2016-05-03 16:09:54,814 INFO  [Log] X 
2016-05-03 16:09:54,814 INFO  [Log] X 
